tail: out.txt: No such file or directory

==> Number.sh <==
	echo $word
	# echo Count
done

echo ${#words[*]}
echo ${!words[*]}
echo ${words[7]}
echo ${words[*]}

#如何用forloop在bash中打印array？

==> Number.sh <==
#! /bin/bash
read -p "Enter a number: " num
if (( ${num}< 10 ))
then
printf "The number %d is too small!\n" $num
elif [[ -f ./numbers/${num} ]]
then










printf "The number %d already exists!\n"  $num
else
echo "$num" > /numbers/${num}
fi

words=(1 foo 2 "Hello World")
words[7]="AHH HA"
for word in ${words[*]}; do
	echo $word
	# echo Count
done

echo ${#words[*]}
echo ${!words[*]}
echo ${words[7]}
echo ${words[*]}

#如何用forloop在bash中打印array？
#!!!!!!!!!
